START_TEST phases=[1, 2, 3, 4, 5, 6, 7] flags={'phase1_preflight': True, 'phase2_config': True, 'phase3_rules': True, 'phase4_attacks': True, 'phase5_features': True, 'phase6_incidents': True, 'phase7_report': True}
QUEUE_EVENT {'type': 'test_started', 'profile': 'Pratyush', 'setup_type': 'standalone'}
QUEUE_EVENT {'type': 'phase_start', 'phase': 1, 'name': 'Phase 1 — Pre-flight'}
QUEUE_EVENT {'type': 'log', 'level': 'PASS', 'message': 'Management reachable → 172.105.59.224:9000', 'ts': '02:19:48', 'phase': None}
QUEUE_EVENT {'type': 'log', 'level': 'PASS', 'message': 'Traffic IP reachable → 172.105.59.224:80', 'ts': '02:19:48', 'phase': None}
QUEUE_EVENT {'type': 'log', 'level': 'PASS', 'message': 'Standalone: single IP 172.105.59.224 handles both roles', 'ts': '02:19:48', 'phase': None}
QUEUE_EVENT {'type': 'log', 'level': 'PASS', 'message': 'API token valid — authenticated successfully', 'ts': '02:19:48', 'phase': None}
QUEUE_EVENT {'type': 'log', 'level': 'PASS', 'message': 'Stack: PZF87FTTHC | Plan: N/A', 'ts': '02:19:48', 'phase': None}
QUEUE_EVENT {'type': 'log', 'level': 'INFO', 'message': 'Found 3 listener(s) on stack PZF87FTTHC:', 'ts': '02:19:48', 'phase': None}
QUEUE_EVENT {'type': 'log', 'level': 'PASS', 'message': '3 listener(s) discovered', 'ts': '02:19:48', 'phase': None}
QUEUE_EVENT {'type': 'log', 'level': 'PASS', 'message': 'Target listener found: roti.com', 'ts': '02:19:48', 'phase': None}
QUEUE_EVENT {'type': 'phase_done', 'phase': 1, 'name': 'Phase 1 — Pre-flight', 'status': 'PASSED', 'passed': 7, 'failed': 0, 'skipped': 0, 'findings': []}
QUEUE_EVENT {'type': 'phase_start', 'phase': 2, 'name': 'Phase 2 — Config Validation'}
QUEUE_EVENT {'type': 'log', 'level': 'PASS', 'message': 'Listener is ENABLED', 'ts': '02:19:48', 'phase': None}
QUEUE_EVENT {'type': 'log', 'level': 'INFO', 'message': 'Each security profile has its own mode — ALL must be MITIGATION to block attacks', 'ts': '02:19:48', 'phase': None}
QUEUE_EVENT {'type': 'log', 'level': 'PASS', 'message': "Profile 'DEFAULT': MITIGATION ✅ — attacks will be blocked", 'ts': '02:19:48', 'phase': None}
QUEUE_EVENT {'type': 'log', 'level': 'WARN', 'message': "Profile 'DEFAULT': paranoia LOW — consider upgrading to HIGH", 'ts': '02:19:48', 'phase': None}
QUEUE_EVENT {'type': 'log', 'level': 'PASS', 'message': "Profile 'DEFAULT': Signature detection ENABLED", 'ts': '02:19:48', 'phase': None}
QUEUE_EVENT {'type': 'log', 'level': 'PASS', 'message': 'Request logging ENABLED', 'ts': '02:19:48', 'phase': None}
QUEUE_EVENT {'type': 'log', 'level': 'WARN', 'message': 'SSL DISABLED — traffic travels over plain HTTP', 'ts': '02:19:48', 'phase': None}
QUEUE_EVENT {'type': 'log', 'level': 'WARN', 'message': 'HSTS DISABLED', 'ts': '02:19:48', 'phase': None}
QUEUE_EVENT {'type': 'log', 'level': 'WARN', 'message': 'X-Frame-Options DISABLED — clickjacking risk', 'ts': '02:19:48', 'phase': None}
QUEUE_EVENT {'type': 'log', 'level': 'WARN', 'message': 'CSRF protection DISABLED', 'ts': '02:19:48', 'phase': None}
QUEUE_EVENT {'type': 'log', 'level': 'PASS', 'message': "Allowed methods look safe: ['GET', 'POST', 'PUT', 'DELETE', 'HEAD', 'OPTIONS']", 'ts': '02:19:48', 'phase': None}
QUEUE_EVENT {'type': 'log', 'level': 'WARN', 'message': 'Host header check DISABLED — host injection possible', 'ts': '02:19:48', 'phase': None}
QUEUE_EVENT {'type': 'log', 'level': 'WARN', 'message': 'Bot — Bad Reputation Traffic: NO_ACTION — recommend DROP', 'ts': '02:19:48', 'phase': None}
QUEUE_EVENT {'type': 'log', 'level': 'WARN', 'message': 'Bot — TOR Traffic: NO_ACTION — recommend DROP', 'ts': '02:19:48', 'phase': None}
QUEUE_EVENT {'type': 'log', 'level': 'WARN', 'message': 'Bot — Proxy/VPN Traffic: NO_ACTION — recommend DROP', 'ts': '02:19:48', 'phase': None}
QUEUE_EVENT {'type': 'log', 'level': 'WARN', 'message': 'Advanced bot protection: NONE', 'ts': '02:19:48', 'phase': None}
QUEUE_EVENT {'type': 'log', 'level': 'WARN', 'message': 'Antivirus scanning DISABLED', 'ts': '02:19:48', 'phase': None}
QUEUE_EVENT {'type': 'log', 'level': 'WARN', 'message': 'No Geo-IP restrictions configured', 'ts': '02:19:48', 'phase': None}
QUEUE_EVENT {'type': 'log', 'level': 'PASS', 'message': 'Learning mode BYPASSED — correct for production', 'ts': '02:19:48', 'phase': None}
QUEUE_EVENT {'type': 'log', 'level': 'WARN', 'message': "Possibly missing high-risk extensions: {'.pem', '.env'}", 'ts': '02:19:48', 'phase': None}
QUEUE_EVENT {'type': 'phase_done', 'phase': 2, 'name': 'Phase 2 — Config Validation', 'status': 'PASSED', 'passed': 6, 'failed': 0, 'skipped': 13, 'findings': ["[WARN] Profile 'DEFAULT': paranoia level is LOW", '[WARN] Enable SSL in Listener → SSL Management for production', '[WARN] Enable HSTS in Security Profile → Policy → Web', '[WARN] Enable X-Frame-Options in Security Profile → Policy → Web', '[WARN] Enable CSRF in Security Profile → Policy → Web', '[WARN] Enable Host Check in Listener → Settings → Operational', '[WARN] Set Bot Protection → Bad Reputation Traffic to DROP', '[WARN] Set Bot Protection → TOR Traffic to DROP', '[WARN] Set Bot Protection → Proxy/VPN Traffic to DROP', '[WARN] Enable advanced bot protection (Security Profile → Bot Protection)', '[WARN] Enable Antivirus for file-upload endpoints (Security Profile → Antivirus)', '[WARN] Consider Geo-IP filtering if your app serves a specific region only', "[WARN] Add to restricted extensions in Policy → Web: {'.pem', '.env'}"]}
QUEUE_EVENT {'type': 'phase_start', 'phase': 3, 'name': 'Phase 3 — Rules Validation'}
QUEUE_EVENT {'type': 'log', 'level': 'INFO', 'message': 'These rules run at listener level, before any profile evaluation', 'ts': '02:19:48', 'phase': None}
QUEUE_EVENT {'type': 'log', 'level': 'WARN', 'message': '[LISTENER] Error Page Rules: not configured — Custom error responses — prevent server info disclosure', 'ts': '02:19:48', 'phase': None}
QUEUE_EVENT {'type': 'log', 'level': 'INFO', 'message': "These rules run inside each security profile's evaluation engine", 'ts': '02:19:48', 'phase': None}
QUEUE_EVENT {'type': 'log', 'level': 'WARN', 'message': '[DEFAULT] No Firewall Rules — IP/CIDR blocking — essential for blocking known bad actors', 'ts': '02:19:48', 'phase': None}
QUEUE_EVENT {'type': 'log', 'level': 'WARN', 'message': '[DEFAULT] No Rate Limit Rules — Request throttling — prevents DDoS and brute force', 'ts': '02:19:48', 'phase': None}
QUEUE_EVENT {'type': 'log', 'level': 'PASS', 'message': '[DEFAULT] JSON policy: STRICT mode ✅', 'ts': '02:19:48', 'phase': None}
QUEUE_EVENT {'type': 'phase_done', 'phase': 3, 'name': 'Phase 3 — Rules Validation', 'status': 'PASSED', 'passed': 1, 'failed': 0, 'skipped': 3, 'findings': ['[WARN] Listener: Add Error Page Rules — Custom error responses — prevent server info disclosure', "[WARN] Profile 'DEFAULT': Configure Firewall Rules", "[WARN] Profile 'DEFAULT': Configure Rate Limit Rules"]}
QUEUE_EVENT {'type': 'phase_start', 'phase': 4, 'name': 'Phase 4 — Attack Suite'}
QUEUE_EVENT {'type': 'log', 'level': 'INFO', 'message': 'Target URL   : http://172.105.59.224', 'ts': '02:19:49', 'phase': None}
QUEUE_EVENT {'type': 'log', 'level': 'INFO', 'message': 'Host header  : roti.com', 'ts': '02:19:49', 'phase': None}
QUEUE_EVENT {'type': 'log', 'level': 'INFO', 'message': 'Total payloads: 43', 'ts': '02:19:49', 'phase': None}
QUEUE_EVENT {'type': 'log', 'level': 'INFO', 'message': 'Result types: BLOCKED=403, REDIRECTED=302→WAF page, DROPPED=connection reset', 'ts': '02:19:49', 'phase': None}
QUEUE_EVENT {'type': 'attack_result', 'id': 'SQLi-01', 'category': 'SQL Injection', 'desc': 'Classic OR bypass', 'status': 403, 'result': 'BLOCKED', 'blocked': True, 'progress': 2.3, 'index': 1, 'total': 43}
QUEUE_EVENT {'type': 'attack_result', 'id': 'SQLi-02', 'category': 'SQL Injection', 'desc': 'UNION SELECT dump', 'status': 403, 'result': 'BLOCKED', 'blocked': True, 'progress': 4.7, 'index': 2, 'total': 43}
QUEUE_EVENT {'type': 'attack_result', 'id': 'SQLi-03', 'category': 'SQL Injection', 'desc': 'Blind boolean', 'status': 302, 'result': 'PASSED_THROUGH', 'blocked': False, 'progress': 7.0, 'index': 3, 'total': 43}
QUEUE_EVENT {'type': 'attack_result', 'id': 'SQLi-04', 'category': 'SQL Injection', 'desc': 'Time-based SLEEP', 'status': 403, 'result': 'BLOCKED', 'blocked': True, 'progress': 9.3, 'index': 4, 'total': 43}
QUEUE_EVENT {'type': 'attack_result', 'id': 'SQLi-05', 'category': 'SQL Injection', 'desc': 'Error-based extraction', 'status': 403, 'result': 'BLOCKED', 'blocked': True, 'progress': 11.6, 'index': 5, 'total': 43}
QUEUE_EVENT {'type': 'attack_result', 'id': 'SQLi-06', 'category': 'SQL Injection', 'desc': 'Stacked query drop', 'status': 302, 'result': 'PASSED_THROUGH', 'blocked': False, 'progress': 14.0, 'index': 6, 'total': 43}
QUEUE_EVENT {'type': 'attack_result', 'id': 'SQLi-07', 'category': 'SQL Injection', 'desc': 'WAITFOR DELAY (MSSQL)', 'status': 403, 'result': 'BLOCKED', 'blocked': True, 'progress': 16.3, 'index': 7, 'total': 43}
QUEUE_EVENT {'type': 'attack_result', 'id': 'XSS-01', 'category': 'XSS', 'desc': 'Basic script tag', 'status': 403, 'result': 'BLOCKED', 'blocked': True, 'progress': 18.6, 'index': 8, 'total': 43}
QUEUE_EVENT {'type': 'attack_result', 'id': 'XSS-02', 'category': 'XSS', 'desc': 'IMG onerror', 'status': 403, 'result': 'BLOCKED', 'blocked': True, 'progress': 20.9, 'index': 9, 'total': 43}
QUEUE_EVENT {'type': 'attack_result', 'id': 'XSS-03', 'category': 'XSS', 'desc': 'SVG onload', 'status': 403, 'result': 'BLOCKED', 'blocked': True, 'progress': 23.3, 'index': 10, 'total': 43}
QUEUE_EVENT {'type': 'attack_result', 'id': 'XSS-04', 'category': 'XSS', 'desc': 'JS protocol redirect', 'status': 403, 'result': 'BLOCKED', 'blocked': True, 'progress': 25.6, 'index': 11, 'total': 43}
QUEUE_EVENT {'type': 'attack_result', 'id': 'XSS-05', 'category': 'XSS', 'desc': 'Event handler', 'status': 403, 'result': 'BLOCKED', 'blocked': True, 'progress': 27.9, 'index': 12, 'total': 43}
QUEUE_EVENT {'type': 'attack_result', 'id': 'XSS-06', 'category': 'XSS', 'desc': 'Data URI', 'status': 403, 'result': 'BLOCKED', 'blocked': True, 'progress': 30.2, 'index': 13, 'total': 43}
QUEUE_EVENT {'type': 'attack_result', 'id': 'PT-01', 'category': 'Path Traversal', 'desc': 'Basic Linux traversal', 'status': 403, 'result': 'BLOCKED', 'blocked': True, 'progress': 32.6, 'index': 14, 'total': 43}
QUEUE_EVENT {'type': 'attack_result', 'id': 'PT-02', 'category': 'Path Traversal', 'desc': 'URL-encoded traversal', 'status': 403, 'result': 'BLOCKED', 'blocked': True, 'progress': 34.9, 'index': 15, 'total': 43}
QUEUE_EVENT {'type': 'attack_result', 'id': 'PT-03', 'category': 'Path Traversal', 'desc': 'Double URL-encoded', 'status': 403, 'result': 'BLOCKED', 'blocked': True, 'progress': 37.2, 'index': 16, 'total': 43}
QUEUE_EVENT {'type': 'attack_result', 'id': 'PT-04', 'category': 'Path Traversal', 'desc': 'Windows path', 'status': 403, 'result': 'BLOCKED', 'blocked': True, 'progress': 39.5, 'index': 17, 'total': 43}
QUEUE_EVENT {'type': 'attack_result', 'id': 'CI-01', 'category': 'Cmd Injection', 'desc': 'Semicolon chain', 'status': 403, 'result': 'BLOCKED', 'blocked': True, 'progress': 41.9, 'index': 18, 'total': 43}
QUEUE_EVENT {'type': 'attack_result', 'id': 'CI-02', 'category': 'Cmd Injection', 'desc': 'Pipe injection', 'status': 302, 'result': 'PASSED_THROUGH', 'blocked': False, 'progress': 44.2, 'index': 19, 'total': 43}
QUEUE_EVENT {'type': 'attack_result', 'id': 'CI-03', 'category': 'Cmd Injection', 'desc': 'Backtick injection', 'status': 403, 'result': 'BLOCKED', 'blocked': True, 'progress': 46.5, 'index': 20, 'total': 43}
